<?xml version="1.0" encoding="UTF-8"?>
<!-- Generated by org.testng.reporters.JUnitReportReporter -->
<testsuite hostname="DESKTOP-8HBBL06" failures="0" tests="1" name="webAutomationGA.Tests.loginScenario" time="78.864" errors="0" timestamp="2024-11-15T15:13:20 PKT" skipped="0">
  <testcase classname="webAutomationGA.Tests.loginScenario" name="loginSuccess" time="78.864"/>
</testsuite> <!-- webAutomationGA.Tests.loginScenario -->
