<?xml version="1.0" encoding="UTF-8"?>
<!-- Generated by org.testng.reporters.JUnitReportReporter -->
<testsuite hostname="DESKTOP-8HBBL06" failures="0" tests="2" name="webAutomationGA.Tests.bradReportPage" time="5.293" errors="0" timestamp="2024-11-20T15:06:03 PKT" skipped="0">
  <testcase classname="webAutomationGA.Tests.bradReportPage" name="dropdownVisible" time="4.051"/>
  <testcase classname="webAutomationGA.Tests.bradReportPage" name="availableColumnValues" time="1.242"/>
</testsuite> <!-- webAutomationGA.Tests.bradReportPage -->
