<?xml version="1.0" encoding="UTF-8"?>
<!-- Generated by org.testng.reporters.JUnitReportReporter -->
<testsuite hostname="Confiz-7481" failures="0" tests="1" name="webAutomationGA.Tests.createCampaign" time="52.229" errors="0" timestamp="2024-04-07T13:50:33 PKT" skipped="0">
  <testcase classname="webAutomationGA.Tests.createCampaign" name="createCampaignwithoutGroups" time="52.229"/>
</testsuite> <!-- webAutomationGA.Tests.createCampaign -->
